<?xml version="1.0" encoding="UTF-8"?>
<testsuite name="FindBookByTitleAndAuthorTest" tests="7" skipped="0" failures="0" errors="0" timestamp="2024-11-14T16:51:37" hostname="santi-Latitude-3520" time="0.028">
  <properties/>
  <testcase name="testIsBookInLibraryByTitleAndAuthor_nonExistingTitle_returnsFalse()" classname="FindBookByTitleAndAuthorTest" time="0.015"/>
  <testcase name="testIsBookInLibraryByTitleAndAuthor_allBooksExist_returnsTrue()" classname="FindBookByTitleAndAuthorTest" time="0.003"/>
  <testcase name="testIsBookInLibraryByTitleAndAuthor_emptyTitle_returnsFalse()" classname="FindBookByTitleAndAuthorTest" time="0.002"/>
  <testcase name="testIsBookInLibraryByTitleAndAuthor_nullAuthor_returnsFalse()" classname="FindBookByTitleAndAuthorTest" time="0.002"/>
  <testcase name="testIsBookInLibraryByTitleAndAuthor_nullTitle_returnsFalse()" classname="FindBookByTitleAndAuthorTest" time="0.002"/>
  <testcase name="testIsBookInLibraryByTitleAndAuthor_emptyAuthor_returnsFalse()" classname="FindBookByTitleAndAuthorTest" time="0.002"/>
  <testcase name="testIsBookInLibraryByTitleAndAuthor_nonExistingAuthor_returnsFalse()" classname="FindBookByTitleAndAuthorTest" time="0.001"/>
  <system-out><![CDATA[]]></system-out>
  <system-err><![CDATA[]]></system-err>
</testsuite>
